#
# There is insufficient memory for the Java Runtime Environment to continue.
# Native memory allocation (malloc) failed to allocate 694256 bytes for Chunk::new
# Possible reasons:
#   The system is out of physical RAM or swap space
#   The process is running with CompressedOops enabled, and the Java Heap may be blocking the growth of the native heap
# Possible solutions:
#   Reduce memory load on the system
#   Increase physical memory or swap space
#   Check if swap backing store is full
#   Decrease Java heap size (-Xmx/-Xms)
#   Decrease number of Java threads
#   Decrease Java thread stack sizes (-Xss)
#   Set larger code cache with -XX:ReservedCodeCacheSize=
#   JVM is running with Unscaled Compressed Oops mode in which the Java heap is
#     placed in the first 4GB address space. The Java Heap base address is the
#     maximum limit for the native heap growth. Please use -XX:HeapBaseMinAddress
#     to set the Java Heap base and to place the Java Heap above 4GB virtual address.
# This output file may be truncated or incomplete.
#
#  Out of Memory Error (arena.cpp:189), pid=5868, tid=16732
#
# JRE version: Java(TM) SE Runtime Environment (17.0.12+8) (build 17.0.12+8-LTS-286)
# Java VM: Java HotSpot(TM) 64-Bit Server VM (17.0.12+8-LTS-286, mixed mode, sharing, tiered, compressed oops, compressed class ptrs, g1 gc, windows-amd64)
# No core dump will be written. Minidumps are not enabled by default on client versions of Windows
#

---------------  S U M M A R Y ------------

Command Line: -XX:+ShowCodeDetailsInExceptionMessages com.finalProject.backend.BackendApplication

Host: 11th Gen Intel(R) Core(TM) i5-1135G7 @ 2.40GHz, 8 cores, 7G,  Windows 11 , 64 bit Build 26100 (10.0.26100.3624)
Time: Wed Apr  9 12:56:29 2025 India Standard Time elapsed time: 6.944935 seconds (0d 0h 0m 6s)

---------------  T H R E A D  ---------------

Current thread (0x00000249f8bc25e0):  JavaThread "C2 CompilerThread0" daemon [_thread_in_native, id=16732, stack(0x0000006fa8100000,0x0000006fa8200000)]


Current CompileTask:
C2:   6945 2621   !   4       jdk.internal.loader.BuiltinClassLoader::loadClassOrNull (143 bytes)

Stack: [0x0000006fa8100000,0x0000006fa8200000]
Native frames: (J=compiled Java code, j=interpreted, Vv=VM code, C=native code)
V  [jvm.dll+0x67a04a]
V  [jvm.dll+0x7da4ed]
V  [jvm.dll+0x7dbe33]
V  [jvm.dll+0x7dc4a3]
V  [jvm.dll+0x24508f]
V  [jvm.dll+0xab773]
V  [jvm.dll+0xabd3c]
V  [jvm.dll+0x2aa52f]
V  [jvm.dll+0x581eb9]
V  [jvm.dll+0x21f422]
V  [jvm.dll+0x2184c2]
V  [jvm.dll+0x215b65]
V  [jvm.dll+0x1a2960]
V  [jvm.dll+0x22610b]
V  [jvm.dll+0x2242ab]
V  [jvm.dll+0x79075c]
V  [jvm.dll+0x78abea]
V  [jvm.dll+0x678f35]
C  [ucrtbase.dll+0x37b0]
C  [KERNEL32.DLL+0x2e8d7]
C  [ntdll.dll+0xb14fc]


---------------  P R O C E S S  ---------------

Threads class SMR info:
_java_thread_list=0x00000249ff2a0710, length=13, elements={
0x00000249dac23cc0, 0x00000249f8ba4a50, 0x00000249f8ba5f80, 0x00000249f8bbfb00,
0x00000249f8bc04c0, 0x00000249f8bc0e80, 0x00000249f8bc1840, 0x00000249f8bc25e0,
0x00000249f8bcc780, 0x00000249f8bcf930, 0x00000249fd0dfc40, 0x00000249fd0e63d0,
0x00000249fd172740
}

Java Threads: ( => current thread )
  0x00000249dac23cc0 JavaThread "main" [_thread_in_native, id=16804, stack(0x0000006fa7400000,0x0000006fa7500000)]
  0x00000249f8ba4a50 JavaThread "Reference Handler" daemon [_thread_blocked, id=11520, stack(0x0000006fa7b00000,0x0000006fa7c00000)]
  0x00000249f8ba5f80 JavaThread "Finalizer" daemon [_thread_blocked, id=4472, stack(0x0000006fa7c00000,0x0000006fa7d00000)]
  0x00000249f8bbfb00 JavaThread "Signal Dispatcher" daemon [_thread_blocked, id=3452, stack(0x0000006fa7d00000,0x0000006fa7e00000)]
  0x00000249f8bc04c0 JavaThread "Attach Listener" daemon [_thread_blocked, id=17764, stack(0x0000006fa7e00000,0x0000006fa7f00000)]
  0x00000249f8bc0e80 JavaThread "Service Thread" daemon [_thread_blocked, id=1396, stack(0x0000006fa7f00000,0x0000006fa8000000)]
  0x00000249f8bc1840 JavaThread "Monitor Deflation Thread" daemon [_thread_blocked, id=12036, stack(0x0000006fa8000000,0x0000006fa8100000)]
=>0x00000249f8bc25e0 JavaThread "C2 CompilerThread0" daemon [_thread_in_native, id=16732, stack(0x0000006fa8100000,0x0000006fa8200000)]
  0x00000249f8bcc780 JavaThread "C1 CompilerThread0" daemon [_thread_blocked, id=20160, stack(0x0000006fa8200000,0x0000006fa8300000)]
  0x00000249f8bcf930 JavaThread "Sweeper thread" daemon [_thread_blocked, id=10936, stack(0x0000006fa8300000,0x0000006fa8400000)]
  0x00000249fd0dfc40 JavaThread "Notification Thread" daemon [_thread_blocked, id=2648, stack(0x0000006fa8400000,0x0000006fa8500000)]
  0x00000249fd0e63d0 JavaThread "Common-Cleaner" daemon [_thread_blocked, id=13356, stack(0x0000006fa8600000,0x0000006fa8700000)]
  0x00000249fd172740 JavaThread "C2 CompilerThread1" daemon [_thread_in_native, id=6216, stack(0x0000006fa8700000,0x0000006fa8800000)]

Other Threads:
  0x00000249f8b9a520 VMThread "VM Thread" [stack: 0x0000006fa7a00000,0x0000006fa7b00000] [id=20908]
  0x00000249fd0e2130 WatcherThread [stack: 0x0000006fa8500000,0x0000006fa8600000] [id=13624]
  0x00000249dac83b30 GCTaskThread "GC Thread#0" [stack: 0x0000006fa7500000,0x0000006fa7600000] [id=24256]
  0x00000249fd8f4670 GCTaskThread "GC Thread#1" [stack: 0x0000006fa8800000,0x0000006fa8900000] [id=20992]
  0x00000249fdaa5b20 GCTaskThread "GC Thread#2" [stack: 0x0000006fa8900000,0x0000006fa8a00000] [id=22452]
  0x00000249fdaa5de0 GCTaskThread "GC Thread#3" [stack: 0x0000006fa8a00000,0x0000006fa8b00000] [id=1032]
  0x00000249fdaa64b0 GCTaskThread "GC Thread#4" [stack: 0x0000006fa8b00000,0x0000006fa8c00000] [id=10072]
  0x00000249fdab6f90 GCTaskThread "GC Thread#5" [stack: 0x0000006fa8c00000,0x0000006fa8d00000] [id=18496]
  0x00000249fdd37d40 GCTaskThread "GC Thread#6" [stack: 0x0000006fa8e00000,0x0000006fa8f00000] [id=9448]
  0x00000249fdcb6f90 GCTaskThread "GC Thread#7" [stack: 0x0000006fa8f00000,0x0000006fa9000000] [id=16032]
  0x00000249dac96260 ConcurrentGCThread "G1 Main Marker" [stack: 0x0000006fa7600000,0x0000006fa7700000] [id=20112]
  0x00000249dac96c70 ConcurrentGCThread "G1 Conc#0" [stack: 0x0000006fa7700000,0x0000006fa7800000] [id=7976]
  0x00000249daceeb80 ConcurrentGCThread "G1 Refine#0" [stack: 0x0000006fa7800000,0x0000006fa7900000] [id=17324]
  0x00000249f8a54610 ConcurrentGCThread "G1 Service" [stack: 0x0000006fa7900000,0x0000006fa7a00000] [id=23884]

Threads with active compile tasks:
C2 CompilerThread0     6972 2621   !   4       jdk.internal.loader.BuiltinClassLoader::loadClassOrNull (143 bytes)
C2 CompilerThread1     6972 2767       4       org.springframework.beans.factory.support.DefaultListableBeanFactory::requiresEagerInitForType (26 bytes)

VM state: not at safepoint (normal execution)

VM Mutex/Monitor currently owned by a thread: None

Heap address: 0x0000000084200000, size: 1982 MB, Compressed Oops mode: 32-bit

CDS archive(s) mapped at: [0x0000024980000000-0x0000024980bd0000-0x0000024980bd0000), size 12386304, SharedBaseAddress: 0x0000024980000000, ArchiveRelocationMode: 1.
Compressed class space mapped at: 0x0000024981000000-0x00000249c1000000, reserved size: 1073741824
Narrow klass base: 0x0000024980000000, Narrow klass shift: 0, Narrow klass range: 0x100000000

GC Precious Log:
 CPUs: 8 total, 8 available
 Memory: 7926M
 Large Page Support: Disabled
 NUMA Support: Disabled
 Compressed Oops: Enabled (32-bit)
 Heap Region Size: 1M
 Heap Min Capacity: 8M
 Heap Initial Capacity: 124M
 Heap Max Capacity: 1982M
 Pre-touch: Disabled
 Parallel Workers: 8
 Concurrent Workers: 2
 Concurrent Refinement Workers: 8
 Periodic GC: Disabled

Heap:
 garbage-first heap   total 126976K, used 37698K [0x0000000084200000, 0x0000000100000000)
  region size 1024K, 34 young (34816K), 3 survivors (3072K)
 Metaspace       used 18912K, committed 19200K, reserved 1114112K
  class space    used 2354K, committed 2496K, reserved 1048576K

Heap Regions: E=young(eden), S=young(survivor), O=old, HS=humongous(starts), HC=humongous(continues), CS=collection set, F=free, OA=open archive, CA=closed archive, TAMS=top-at-mark-start (previous, next)
|   0|0x0000000084200000, 0x0000000084300000, 0x0000000084300000|100%| O|  |TAMS 0x0000000084200000, 0x0000000084200000| Untracked 
|   1|0x0000000084300000, 0x0000000084400000, 0x0000000084400000|100%| O|  |TAMS 0x0000000084300000, 0x0000000084300000| Untracked 
|   2|0x0000000084400000, 0x0000000084500000, 0x0000000084500000|100%| O|  |TAMS 0x0000000084400000, 0x0000000084400000| Untracked 
|   3|0x0000000084500000, 0x0000000084600000, 0x0000000084600000|100%| O|  |TAMS 0x0000000084500000, 0x0000000084500000| Untracked 
|   4|0x0000000084600000, 0x000000008469ae00, 0x0000000084700000| 60%| O|  |TAMS 0x0000000084600000, 0x0000000084600000| Untracked 
|   5|0x0000000084700000, 0x0000000084700000, 0x0000000084800000|  0%| F|  |TAMS 0x0000000084700000, 0x0000000084700000| Untracked 
|   6|0x0000000084800000, 0x0000000084800000, 0x0000000084900000|  0%| F|  |TAMS 0x0000000084800000, 0x0000000084800000| Untracked 
|   7|0x0000000084900000, 0x0000000084900000, 0x0000000084a00000|  0%| F|  |TAMS 0x0000000084900000, 0x0000000084900000| Untracked 
|   8|0x0000000084a00000, 0x0000000084a00000, 0x0000000084b00000|  0%| F|  |TAMS 0x0000000084a00000, 0x0000000084a00000| Untracked 
|   9|0x0000000084b00000, 0x0000000084b00000, 0x0000000084c00000|  0%| F|  |TAMS 0x0000000084b00000, 0x0000000084b00000| Untracked 
|  10|0x0000000084c00000, 0x0000000084c00000, 0x0000000084d00000|  0%| F|  |TAMS 0x0000000084c00000, 0x0000000084c00000| Untracked 
|  11|0x0000000084d00000, 0x0000000084d00000, 0x0000000084e00000|  0%| F|  |TAMS 0x0000000084d00000, 0x0000000084d00000| Untracked 
|  12|0x0000000084e00000, 0x0000000084e00000, 0x0000000084f00000|  0%| F|  |TAMS 0x0000000084e00000, 0x0000000084e00000| Untracked 
|  13|0x0000000084f00000, 0x0000000084f00000, 0x0000000085000000|  0%| F|  |TAMS 0x0000000084f00000, 0x0000000084f00000| Untracked 
|  14|0x0000000085000000, 0x0000000085000000, 0x0000000085100000|  0%| F|  |TAMS 0x0000000085000000, 0x0000000085000000| Untracked 
|  15|0x0000000085100000, 0x0000000085100000, 0x0000000085200000|  0%| F|  |TAMS 0x0000000085100000, 0x0000000085100000| Untracked 
|  16|0x0000000085200000, 0x0000000085200000, 0x0000000085300000|  0%| F|  |TAMS 0x0000000085200000, 0x0000000085200000| Untracked 
|  17|0x0000000085300000, 0x0000000085300000, 0x0000000085400000|  0%| F|  |TAMS 0x0000000085300000, 0x0000000085300000| Untracked 
|  18|0x0000000085400000, 0x0000000085400000, 0x0000000085500000|  0%| F|  |TAMS 0x0000000085400000, 0x0000000085400000| Untracked 
|  19|0x0000000085500000, 0x0000000085500000, 0x0000000085600000|  0%| F|  |TAMS 0x0000000085500000, 0x0000000085500000| Untracked 
|  20|0x0000000085600000, 0x0000000085600000, 0x0000000085700000|  0%| F|  |TAMS 0x0000000085600000, 0x0000000085600000| Untracked 
|  21|0x0000000085700000, 0x0000000085700000, 0x0000000085800000|  0%| F|  |TAMS 0x0000000085700000, 0x0000000085700000| Untracked 
|  22|0x0000000085800000, 0x0000000085800000, 0x0000000085900000|  0%| F|  |TAMS 0x0000000085800000, 0x0000000085800000| Untracked 
|  23|0x0000000085900000, 0x0000000085900000, 0x0000000085a00000|  0%| F|  |TAMS 0x0000000085900000, 0x0000000085900000| Untracked 
|  24|0x0000000085a00000, 0x0000000085a00000, 0x0000000085b00000|  0%| F|  |TAMS 0x0000000085a00000, 0x0000000085a00000| Untracked 
|  25|0x0000000085b00000, 0x0000000085b00000, 0x0000000085c00000|  0%| F|  |TAMS 0x0000000085b00000, 0x0000000085b00000| Untracked 
|  26|0x0000000085c00000, 0x0000000085c00000, 0x0000000085d00000|  0%| F|  |TAMS 0x0000000085c00000, 0x0000000085c00000| Untracked 
|  27|0x0000000085d00000, 0x0000000085d00000, 0x0000000085e00000|  0%| F|  |TAMS 0x0000000085d00000, 0x0000000085d00000| Untracked 
|  28|0x0000000085e00000, 0x0000000085e00000, 0x0000000085f00000|  0%| F|  |TAMS 0x0000000085e00000, 0x0000000085e00000| Untracked 
|  29|0x0000000085f00000, 0x0000000085f00000, 0x0000000086000000|  0%| F|  |TAMS 0x0000000085f00000, 0x0000000085f00000| Untracked 
|  30|0x0000000086000000, 0x0000000086000000, 0x0000000086100000|  0%| F|  |TAMS 0x0000000086000000, 0x0000000086000000| Untracked 
|  31|0x0000000086100000, 0x0000000086100000, 0x0000000086200000|  0%| F|  |TAMS 0x0000000086100000, 0x0000000086100000| Untracked 
|  32|0x0000000086200000, 0x0000000086200000, 0x0000000086300000|  0%| F|  |TAMS 0x0000000086200000, 0x0000000086200000| Untracked 
|  33|0x0000000086300000, 0x0000000086300000, 0x0000000086400000|  0%| F|  |TAMS 0x0000000086300000, 0x0000000086300000| Untracked 
|  34|0x0000000086400000, 0x0000000086400000, 0x0000000086500000|  0%| F|  |TAMS 0x0000000086400000, 0x0000000086400000| Untracked 
|  35|0x0000000086500000, 0x0000000086500000, 0x0000000086600000|  0%| F|  |TAMS 0x0000000086500000, 0x0000000086500000| Untracked 
|  36|0x0000000086600000, 0x0000000086600000, 0x0000000086700000|  0%| F|  |TAMS 0x0000000086600000, 0x0000000086600000| Untracked 
|  37|0x0000000086700000, 0x0000000086700000, 0x0000000086800000|  0%| F|  |TAMS 0x0000000086700000, 0x0000000086700000| Untracked 
|  38|0x0000000086800000, 0x0000000086800000, 0x0000000086900000|  0%| F|  |TAMS 0x0000000086800000, 0x0000000086800000| Untracked 
|  39|0x0000000086900000, 0x0000000086900000, 0x0000000086a00000|  0%| F|  |TAMS 0x0000000086900000, 0x0000000086900000| Untracked 
|  40|0x0000000086a00000, 0x0000000086a00000, 0x0000000086b00000|  0%| F|  |TAMS 0x0000000086a00000, 0x0000000086a00000| Untracked 
|  41|0x0000000086b00000, 0x0000000086b00000, 0x0000000086c00000|  0%| F|  |TAMS 0x0000000086b00000, 0x0000000086b00000| Untracked 
|  42|0x0000000086c00000, 0x0000000086c00000, 0x0000000086d00000|  0%| F|  |TAMS 0x0000000086c00000, 0x0000000086c00000| Untracked 
|  43|0x0000000086d00000, 0x0000000086d00000, 0x0000000086e00000|  0%| F|  |TAMS 0x0000000086d00000, 0x0000000086d00000| Untracked 
|  44|0x0000000086e00000, 0x0000000086e00000, 0x0000000086f00000|  0%| F|  |TAMS 0x0000000086e00000, 0x0000000086e00000| Untracked 
|  45|0x0000000086f00000, 0x0000000086f00000, 0x0000000087000000|  0%| F|  |TAMS 0x0000000086f00000, 0x0000000086f00000| Untracked 
|  46|0x0000000087000000, 0x0000000087000000, 0x0000000087100000|  0%| F|  |TAMS 0x0000000087000000, 0x0000000087000000| Untracked 
|  47|0x0000000087100000, 0x0000000087100000, 0x0000000087200000|  0%| F|  |TAMS 0x0000000087100000, 0x0000000087100000| Untracked 
|  48|0x0000000087200000, 0x0000000087200000, 0x0000000087300000|  0%| F|  |TAMS 0x0000000087200000, 0x0000000087200000| Untracked 
|  49|0x0000000087300000, 0x0000000087300000, 0x0000000087400000|  0%| F|  |TAMS 0x0000000087300000, 0x0000000087300000| Untracked 
|  50|0x0000000087400000, 0x0000000087400000, 0x0000000087500000|  0%| F|  |TAMS 0x0000000087400000, 0x0000000087400000| Untracked 
|  51|0x0000000087500000, 0x0000000087500000, 0x0000000087600000|  0%| F|  |TAMS 0x0000000087500000, 0x0000000087500000| Untracked 
|  52|0x0000000087600000, 0x0000000087600000, 0x0000000087700000|  0%| F|  |TAMS 0x0000000087600000, 0x0000000087600000| Untracked 
|  53|0x0000000087700000, 0x0000000087700000, 0x0000000087800000|  0%| F|  |TAMS 0x0000000087700000, 0x0000000087700000| Untracked 
|  54|0x0000000087800000, 0x0000000087800000, 0x0000000087900000|  0%| F|  |TAMS 0x0000000087800000, 0x0000000087800000| Untracked 
|  55|0x0000000087900000, 0x0000000087900000, 0x0000000087a00000|  0%| F|  |TAMS 0x0000000087900000, 0x0000000087900000| Untracked 
|  56|0x0000000087a00000, 0x0000000087a00000, 0x0000000087b00000|  0%| F|  |TAMS 0x0000000087a00000, 0x0000000087a00000| Untracked 
|  57|0x0000000087b00000, 0x0000000087b00000, 0x0000000087c00000|  0%| F|  |TAMS 0x0000000087b00000, 0x0000000087b00000| Untracked 
|  58|0x0000000087c00000, 0x0000000087c00000, 0x0000000087d00000|  0%| F|  |TAMS 0x0000000087c00000, 0x0000000087c00000| Untracked 
|  59|0x0000000087d00000, 0x0000000087d00000, 0x0000000087e00000|  0%| F|  |TAMS 0x0000000087d00000, 0x0000000087d00000| Untracked 
|  60|0x0000000087e00000, 0x0000000087e00000, 0x0000000087f00000|  0%| F|  |TAMS 0x0000000087e00000, 0x0000000087e00000| Untracked 
|  61|0x0000000087f00000, 0x0000000087f00000, 0x0000000088000000|  0%| F|  |TAMS 0x0000000087f00000, 0x0000000087f00000| Untracked 
|  62|0x0000000088000000, 0x0000000088000000, 0x0000000088100000|  0%| F|  |TAMS 0x0000000088000000, 0x0000000088000000| Untracked 
|  63|0x0000000088100000, 0x0000000088100000, 0x0000000088200000|  0%| F|  |TAMS 0x0000000088100000, 0x0000000088100000| Untracked 
|  64|0x0000000088200000, 0x0000000088200000, 0x0000000088300000|  0%| F|  |TAMS 0x0000000088200000, 0x0000000088200000| Untracked 
|  65|0x0000000088300000, 0x0000000088300000, 0x0000000088400000|  0%| F|  |TAMS 0x0000000088300000, 0x0000000088300000| Untracked 
|  66|0x0000000088400000, 0x0000000088400000, 0x0000000088500000|  0%| F|  |TAMS 0x0000000088400000, 0x0000000088400000| Untracked 
|  67|0x0000000088500000, 0x0000000088500000, 0x0000000088600000|  0%| F|  |TAMS 0x0000000088500000, 0x0000000088500000| Untracked 
|  68|0x0000000088600000, 0x0000000088600000, 0x0000000088700000|  0%| F|  |TAMS 0x0000000088600000, 0x0000000088600000| Untracked 
|  69|0x0000000088700000, 0x0000000088700000, 0x0000000088800000|  0%| F|  |TAMS 0x0000000088700000, 0x0000000088700000| Untracked 
|  70|0x0000000088800000, 0x0000000088800000, 0x0000000088900000|  0%| F|  |TAMS 0x0000000088800000, 0x0000000088800000| Untracked 
|  71|0x0000000088900000, 0x0000000088900000, 0x0000000088a00000|  0%| F|  |TAMS 0x0000000088900000, 0x0000000088900000| Untracked 
|  72|0x0000000088a00000, 0x0000000088a00000, 0x0000000088b00000|  0%| F|  |TAMS 0x0000000088a00000, 0x0000000088a00000| Untracked 
|  73|0x0000000088b00000, 0x0000000088b00000, 0x0000000088c00000|  0%| F|  |TAMS 0x0000000088b00000, 0x0000000088b00000| Untracked 
|  74|0x0000000088c00000, 0x0000000088c00000, 0x0000000088d00000|  0%| F|  |TAMS 0x0000000088c00000, 0x0000000088c00000| Untracked 
|  75|0x0000000088d00000, 0x0000000088d00000, 0x0000000088e00000|  0%| F|  |TAMS 0x0000000088d00000, 0x0000000088d00000| Untracked 
|  76|0x0000000088e00000, 0x0000000088e00000, 0x0000000088f00000|  0%| F|  |TAMS 0x0000000088e00000, 0x0000000088e00000| Untracked 
|  77|0x0000000088f00000, 0x0000000088f00000, 0x0000000089000000|  0%| F|  |TAMS 0x0000000088f00000, 0x0000000088f00000| Untracked 
|  78|0x0000000089000000, 0x0000000089000000, 0x0000000089100000|  0%| F|  |TAMS 0x0000000089000000, 0x0000000089000000| Untracked 
|  79|0x0000000089100000, 0x0000000089100000, 0x0000000089200000|  0%| F|  |TAMS 0x0000000089100000, 0x0000000089100000| Untracked 
|  80|0x0000000089200000, 0x0000000089200000, 0x0000000089300000|  0%| F|  |TAMS 0x0000000089200000, 0x0000000089200000| Untracked 
|  81|0x0000000089300000, 0x0000000089300000, 0x0000000089400000|  0%| F|  |TAMS 0x0000000089300000, 0x0000000089300000| Untracked 
|  82|0x0000000089400000, 0x0000000089400000, 0x0000000089500000|  0%| F|  |TAMS 0x0000000089400000, 0x0000000089400000| Untracked 
|  83|0x0000000089500000, 0x0000000089500000, 0x0000000089600000|  0%| F|  |TAMS 0x0000000089500000, 0x0000000089500000| Untracked 
|  84|0x0000000089600000, 0x0000000089600000, 0x0000000089700000|  0%| F|  |TAMS 0x0000000089600000, 0x0000000089600000| Untracked 
|  85|0x0000000089700000, 0x0000000089700000, 0x0000000089800000|  0%| F|  |TAMS 0x0000000089700000, 0x0000000089700000| Untracked 
|  86|0x0000000089800000, 0x0000000089800000, 0x0000000089900000|  0%| F|  |TAMS 0x0000000089800000, 0x0000000089800000| Untracked 
|  87|0x0000000089900000, 0x0000000089900000, 0x0000000089a00000|  0%| F|  |TAMS 0x0000000089900000, 0x0000000089900000| Untracked 
|  88|0x0000000089a00000, 0x0000000089a00000, 0x0000000089b00000|  0%| F|  |TAMS 0x0000000089a00000, 0x0000000089a00000| Untracked 
|  89|0x0000000089b00000, 0x0000000089b35ae0, 0x0000000089c00000| 20%| S|CS|TAMS 0x0000000089b00000, 0x0000000089b00000| Complete 
|  90|0x0000000089c00000, 0x0000000089d00000, 0x0000000089d00000|100%| S|CS|TAMS 0x0000000089c00000, 0x0000000089c00000| Complete 
|  91|0x0000000089d00000, 0x0000000089e00000, 0x0000000089e00000|100%| S|CS|TAMS 0x0000000089d00000, 0x0000000089d00000| Complete 
|  92|0x0000000089e00000, 0x0000000089e00000, 0x0000000089f00000|  0%| F|  |TAMS 0x0000000089e00000, 0x0000000089e00000| Untracked 
|  93|0x0000000089f00000, 0x0000000089f839b0, 0x000000008a000000| 51%| E|  |TAMS 0x0000000089f00000, 0x0000000089f00000| Complete 
|  94|0x000000008a000000, 0x000000008a100000, 0x000000008a100000|100%| E|CS|TAMS 0x000000008a000000, 0x000000008a000000| Complete 
|  95|0x000000008a100000, 0x000000008a200000, 0x000000008a200000|100%| E|CS|TAMS 0x000000008a100000, 0x000000008a100000| Complete 
|  96|0x000000008a200000, 0x000000008a300000, 0x000000008a300000|100%| E|CS|TAMS 0x000000008a200000, 0x000000008a200000| Complete 
|  97|0x000000008a300000, 0x000000008a400000, 0x000000008a400000|100%| E|CS|TAMS 0x000000008a300000, 0x000000008a300000| Complete 
|  98|0x000000008a400000, 0x000000008a500000, 0x000000008a500000|100%| E|CS|TAMS 0x000000008a400000, 0x000000008a400000| Complete 
|  99|0x000000008a500000, 0x000000008a600000, 0x000000008a600000|100%| E|CS|TAMS 0x000000008a500000, 0x000000008a500000| Complete 
| 100|0x000000008a600000, 0x000000008a700000, 0x000000008a700000|100%| E|CS|TAMS 0x000000008a600000, 0x000000008a600000| Complete 
| 101|0x000000008a700000, 0x000000008a800000, 0x000000008a800000|100%| E|CS|TAMS 0x000000008a700000, 0x000000008a700000| Complete 
| 102|0x000000008a800000, 0x000000008a900000, 0x000000008a900000|100%| E|CS|TAMS 0x000000008a800000, 0x000000008a800000| Complete 
| 103|0x000000008a900000, 0x000000008aa00000, 0x000000008aa00000|100%| E|CS|TAMS 0x000000008a900000, 0x000000008a900000| Complete 
| 104|0x000000008aa00000, 0x000000008ab00000, 0x000000008ab00000|100%| E|CS|TAMS 0x000000008aa00000, 0x000000008aa00000| Complete 
| 105|0x000000008ab00000, 0x000000008ac00000, 0x000000008ac00000|100%| E|CS|TAMS 0x000000008ab00000, 0x000000008ab00000| Complete 
| 106|0x000000008ac00000, 0x000000008ad00000, 0x000000008ad00000|100%| E|CS|TAMS 0x000000008ac00000, 0x000000008ac00000| Complete 
| 107|0x000000008ad00000, 0x000000008ae00000, 0x000000008ae00000|100%| E|CS|TAMS 0x000000008ad00000, 0x000000008ad00000| Complete 
| 108|0x000000008ae00000, 0x000000008af00000, 0x000000008af00000|100%| E|CS|TAMS 0x000000008ae00000, 0x000000008ae00000| Complete 
| 109|0x000000008af00000, 0x000000008b000000, 0x000000008b000000|100%| E|CS|TAMS 0x000000008af00000, 0x000000008af00000| Complete 
| 110|0x000000008b000000, 0x000000008b100000, 0x000000008b100000|100%| E|CS|TAMS 0x000000008b000000, 0x000000008b000000| Complete 
| 111|0x000000008b100000, 0x000000008b200000, 0x000000008b200000|100%| E|CS|TAMS 0x000000008b100000, 0x000000008b100000| Complete 
| 112|0x000000008b200000, 0x000000008b300000, 0x000000008b300000|100%| E|CS|TAMS 0x000000008b200000, 0x000000008b200000| Complete 
| 113|0x000000008b300000, 0x000000008b400000, 0x000000008b400000|100%| E|CS|TAMS 0x000000008b300000, 0x000000008b300000| Complete 
| 114|0x000000008b400000, 0x000000008b500000, 0x000000008b500000|100%| E|CS|TAMS 0x000000008b400000, 0x000000008b400000| Complete 
| 115|0x000000008b500000, 0x000000008b600000, 0x000000008b600000|100%| E|CS|TAMS 0x000000008b500000, 0x000000008b500000| Complete 
| 116|0x000000008b600000, 0x000000008b700000, 0x000000008b700000|100%| E|CS|TAMS 0x000000008b600000, 0x000000008b600000| Complete 
| 117|0x000000008b700000, 0x000000008b800000, 0x000000008b800000|100%| E|CS|TAMS 0x000000008b700000, 0x000000008b700000| Complete 
| 118|0x000000008b800000, 0x000000008b900000, 0x000000008b900000|100%| E|CS|TAMS 0x000000008b800000, 0x000000008b800000| Complete 
| 119|0x000000008b900000, 0x000000008ba00000, 0x000000008ba00000|100%| E|CS|TAMS 0x000000008b900000, 0x000000008b900000| Complete 
| 120|0x000000008ba00000, 0x000000008bb00000, 0x000000008bb00000|100%| E|CS|TAMS 0x000000008ba00000, 0x000000008ba00000| Complete 
| 121|0x000000008bb00000, 0x000000008bc00000, 0x000000008bc00000|100%| E|CS|TAMS 0x000000008bb00000, 0x000000008bb00000| Complete 
| 122|0x000000008bc00000, 0x000000008bd00000, 0x000000008bd00000|100%| E|CS|TAMS 0x000000008bc00000, 0x000000008bc00000| Complete 
| 123|0x000000008bd00000, 0x000000008be00000, 0x000000008be00000|100%| E|CS|TAMS 0x000000008bd00000, 0x000000008bd00000| Complete 

Card table byte_map: [0x00000249f1bf0000,0x00000249f1fd0000] _byte_map_base: 0x00000249f17cf000

Marking Bits (Prev, Next): (CMBitMap*) 0x00000249dac85160, (CMBitMap*) 0x00000249dac851a0
 Prev Bits: [0x00000249f23b0000, 0x00000249f42a8000)
 Next Bits: [0x00000249f42b0000, 0x00000249f61a8000)

Polling page: 0x00000249d8ad0000

Metaspace:

Usage:
  Non-class:     16.18 MB used.
      Class:      2.30 MB used.
       Both:     18.49 MB used.

Virtual space:
  Non-class space:       64.00 MB reserved,      16.38 MB ( 26%) committed,  1 nodes.
      Class space:        1.00 GB reserved,       2.44 MB ( <1%) committed,  1 nodes.
             Both:        1.06 GB reserved,      18.81 MB (  2%) committed. 

Chunk freelists:
   Non-Class:  15.30 MB
       Class:  13.52 MB
        Both:  28.81 MB

MaxMetaspaceSize: unlimited
CompressedClassSpaceSize: 1.00 GB
Initial GC threshold: 21.00 MB
Current GC threshold: 21.00 MB
CDS: on
MetaspaceReclaimPolicy: balanced
 - commit_granule_bytes: 65536.
 - commit_granule_words: 8192.
 - virtual_space_node_default_size: 8388608.
 - enlarge_chunks_in_place: 1.
 - new_chunks_are_fully_committed: 0.
 - uncommit_free_chunks: 1.
 - use_allocation_guard: 0.
 - handle_deallocations: 1.


Internal statistics:

num_allocs_failed_limit: 0.
num_arena_births: 232.
num_arena_deaths: 0.
num_vsnodes_births: 2.
num_vsnodes_deaths: 0.
num_space_committed: 301.
num_space_uncommitted: 0.
num_chunks_returned_to_freelist: 0.
num_chunks_taken_from_freelist: 888.
num_chunk_merges: 0.
num_chunk_splits: 611.
num_chunks_enlarged: 478.
num_inconsistent_stats: 0.

CodeHeap 'non-profiled nmethods': size=120000Kb used=1298Kb max_used=1298Kb free=118701Kb
 bounds [0x00000249e9fb0000, 0x00000249ea220000, 0x00000249f14e0000]
CodeHeap 'profiled nmethods': size=120000Kb used=5911Kb max_used=5911Kb free=114088Kb
 bounds [0x00000249e24e0000, 0x00000249e2ab0000, 0x00000249e9a10000]
CodeHeap 'non-nmethods': size=5760Kb used=1211Kb max_used=1262Kb free=4548Kb
 bounds [0x00000249e9a10000, 0x00000249e9c80000, 0x00000249e9fb0000]
 total_blobs=3305 nmethods=2807 adapters=410
 compilation: enabled
              stopped_count=0, restarted_count=0
 full_count=0

Compilation events (20 events):
Event: 4.729 Thread 0x00000249f8bcc780 nmethod 2700 0x00000249e2a5b990 code [0x00000249e2a5bb60, 0x00000249e2a5c0d8]
Event: 4.729 Thread 0x00000249f8bcc780 2701       3       java.util.HashMap$Node::hashCode (16 bytes)
Event: 4.729 Thread 0x00000249f8bcc780 nmethod 2701 0x00000249e2a5c210 code [0x00000249e2a5c3e0, 0x00000249e2a5c7f8]
Event: 4.731 Thread 0x00000249fe041a40 nmethod 2697 0x00000249ea0e3590 code [0x00000249ea0e3700, 0x00000249ea0e3978]
Event: 4.732 Thread 0x00000249fe041a40 2698       4       java.util.ArrayList::iterator (9 bytes)
Event: 4.734 Thread 0x00000249fe041a40 nmethod 2698 0x00000249ea0e3a90 code [0x00000249ea0e3c20, 0x00000249ea0e3d18]
Event: 4.735 Thread 0x00000249f8bcc780 2702       3       java.lang.String::indexOfNonWhitespace (25 bytes)
Event: 4.736 Thread 0x00000249f8bcc780 nmethod 2702 0x00000249e2a5c990 code [0x00000249e2a5cb60, 0x00000249e2a5cdf8]
Event: 4.737 Thread 0x00000249f8bcc780 2703       3       org.springframework.core.type.AnnotatedTypeMetadata::getAllAnnotationAttributes (59 bytes)
Event: 4.739 Thread 0x00000249f8bcc780 nmethod 2703 0x00000249e2a5cf10 code [0x00000249e2a5d260, 0x00000249e2a5e9d8]
Event: 4.739 Thread 0x00000249f8bcc780 2706       3       org.springframework.boot.context.properties.source.SoftReferenceConfigurationPropertyCache::get (67 bytes)
Event: 4.741 Thread 0x00000249f8bcc780 nmethod 2706 0x00000249e2a5f190 code [0x00000249e2a5f580, 0x00000249e2a61518]
Event: 4.741 Thread 0x00000249f8bcc780 2704       3       org.springframework.core.type.AnnotatedTypeMetadata$$Lambda$423/0x000002498122d6c8::apply (8 bytes)
Event: 4.741 Thread 0x00000249f8bcc780 nmethod 2704 0x00000249e2a61f10 code [0x00000249e2a620e0, 0x00000249e2a625a8]
Event: 4.741 Thread 0x00000249f8bcc780 2705       3       org.springframework.core.type.AnnotatedTypeMetadata::lambda$getAllAnnotationAttributes$0 (15 bytes)
Event: 4.741 Thread 0x00000249f8bcc780 nmethod 2705 0x00000249e2a62710 code [0x00000249e2a628c0, 0x00000249e2a62c08]
Event: 4.741 Thread 0x00000249f8bcc780 2707       1       org.springframework.beans.factory.annotation.AnnotatedGenericBeanDefinition::getMetadata (5 bytes)
Event: 4.742 Thread 0x00000249f8bcc780 nmethod 2707 0x00000249ea0e3e10 code [0x00000249ea0e3fa0, 0x00000249ea0e4078]
Event: 4.744 Thread 0x00000249f8bcc780 2708       3       sun.reflect.annotation.AnnotationParser$$Lambda$305/0x0000024981143030::<init> (20 bytes)
Event: 4.745 Thread 0x00000249f8bcc780 nmethod 2708 0x00000249e2a62d90 code [0x00000249e2a62f40, 0x00000249e2a631b8]

GC Heap History (4 events):
Event: 1.299 GC heap before
{Heap before GC invocations=0 (full 0):
 garbage-first heap   total 126976K, used 23552K [0x0000000084200000, 0x0000000100000000)
  region size 1024K, 23 young (23552K), 0 survivors (0K)
 Metaspace       used 6389K, committed 6656K, reserved 1114112K
  class space    used 797K, committed 896K, reserved 1048576K
}
Event: 1.307 GC heap after
{Heap after GC invocations=1 (full 0):
 garbage-first heap   total 126976K, used 4595K [0x0000000084200000, 0x0000000100000000)
  region size 1024K, 3 young (3072K), 3 survivors (3072K)
 Metaspace       used 6389K, committed 6656K, reserved 1114112K
  class space    used 797K, committed 896K, reserved 1048576K
}
Event: 2.051 GC heap before
{Heap before GC invocations=1 (full 0):
 garbage-first heap   total 126976K, used 33267K [0x0000000084200000, 0x0000000100000000)
  region size 1024K, 32 young (32768K), 3 survivors (3072K)
 Metaspace       used 14232K, committed 14464K, reserved 1114112K
  class space    used 1803K, committed 1920K, reserved 1048576K
}
Event: 2.059 GC heap after
{Heap after GC invocations=2 (full 0):
 garbage-first heap   total 126976K, used 6978K [0x0000000084200000, 0x0000000100000000)
  region size 1024K, 3 young (3072K), 3 survivors (3072K)
 Metaspace       used 14232K, committed 14464K, reserved 1114112K
  class space    used 1803K, committed 1920K, reserved 1048576K
}

Deoptimization events (20 events):
Event: 4.245 Thread 0x00000249dac23cc0 Uncommon trap: trap_request=0xffffffde fr.pc=0x00000249e9fcaf1c relative=0x000000000000019c
Event: 4.245 Thread 0x00000249dac23cc0 Uncommon trap: reason=class_check action=maybe_recompile pc=0x00000249e9fcaf1c method=java.lang.String.equals(Ljava/lang/Object;)Z @ 8 c2
Event: 4.245 Thread 0x00000249dac23cc0 DEOPT PACKING pc=0x00000249e9fcaf1c sp=0x0000006fa74fecd0
Event: 4.245 Thread 0x00000249dac23cc0 DEOPT UNPACKING pc=0x00000249e9a65ba3 sp=0x0000006fa74fec68 mode 2
Event: 4.248 Thread 0x00000249dac23cc0 Uncommon trap: trap_request=0xffffffde fr.pc=0x00000249ea0b6074 relative=0x0000000000000434
Event: 4.248 Thread 0x00000249dac23cc0 Uncommon trap: reason=class_check action=maybe_recompile pc=0x00000249ea0b6074 method=java.lang.String.equals(Ljava/lang/Object;)Z @ 8 c2
Event: 4.248 Thread 0x00000249dac23cc0 DEOPT PACKING pc=0x00000249ea0b6074 sp=0x0000006fa74fe9f0
Event: 4.248 Thread 0x00000249dac23cc0 DEOPT UNPACKING pc=0x00000249e9a65ba3 sp=0x0000006fa74fe8b8 mode 2
Event: 4.248 Thread 0x00000249dac23cc0 Uncommon trap: trap_request=0xffffffde fr.pc=0x00000249e9fcaf1c relative=0x000000000000019c
Event: 4.248 Thread 0x00000249dac23cc0 Uncommon trap: reason=class_check action=maybe_recompile pc=0x00000249e9fcaf1c method=java.lang.String.equals(Ljava/lang/Object;)Z @ 8 c2
Event: 4.248 Thread 0x00000249dac23cc0 DEOPT PACKING pc=0x00000249e9fcaf1c sp=0x0000006fa74fe920
Event: 4.248 Thread 0x00000249dac23cc0 DEOPT UNPACKING pc=0x00000249e9a65ba3 sp=0x0000006fa74fe8b8 mode 2
Event: 4.540 Thread 0x00000249dac23cc0 Uncommon trap: trap_request=0xffffff45 fr.pc=0x00000249ea08ca8c relative=0x00000000000022ac
Event: 4.540 Thread 0x00000249dac23cc0 Uncommon trap: reason=unstable_if action=reinterpret pc=0x00000249ea08ca8c method=jdk.internal.org.objectweb.asm.ByteVector.enlarge(I)V @ 17 c2
Event: 4.540 Thread 0x00000249dac23cc0 DEOPT PACKING pc=0x00000249ea08ca8c sp=0x0000006fa74fd680
Event: 4.540 Thread 0x00000249dac23cc0 DEOPT UNPACKING pc=0x00000249e9a65ba3 sp=0x0000006fa74fd4e8 mode 2
Event: 4.645 Thread 0x00000249dac23cc0 Uncommon trap: trap_request=0xffffff45 fr.pc=0x00000249ea058b24 relative=0x00000000000059c4
Event: 4.645 Thread 0x00000249dac23cc0 Uncommon trap: reason=unstable_if action=reinterpret pc=0x00000249ea058b24 method=jdk.internal.org.objectweb.asm.SymbolTable.addType(Ljava/lang/String;)I @ 33 c2
Event: 4.645 Thread 0x00000249dac23cc0 DEOPT PACKING pc=0x00000249ea058b24 sp=0x0000006fa74fd560
Event: 4.645 Thread 0x00000249dac23cc0 DEOPT UNPACKING pc=0x00000249e9a65ba3 sp=0x0000006fa74fd488 mode 2

Classes unloaded (0 events):
No events

Classes redefined (0 events):
No events

Internal exceptions (20 events):
Event: 1.331 Thread 0x00000249dac23cc0 Exception <a 'java/lang/NoSuchMethodError'{0x000000008bd61890}: 'void java.lang.invoke.DirectMethodHandle$Holder.invokeStaticInit(java.lang.Object, java.lang.Object, java.lang.Object)'> (0x000000008bd61890) 
thrown [s\open\src\hotspot\share\interpreter\linkResolver.cpp, line 759]
Event: 1.338 Thread 0x00000249dac23cc0 Exception <a 'java/lang/NoSuchMethodError'{0x000000008bd7d9b8}: 'java.lang.Object java.lang.invoke.DirectMethodHandle$Holder.invokeVirtual(java.lang.Object, java.lang.Object, java.lang.Object)'> (0x000000008bd7d9b8) 
thrown [s\open\src\hotspot\share\interpreter\linkResolver.cpp, line 759]
Event: 1.349 Thread 0x00000249dac23cc0 Exception <a 'java/lang/NoSuchMethodError'{0x000000008bd9ecd8}: 'java.lang.Object java.lang.invoke.DirectMethodHandle$Holder.invokeStatic(java.lang.Object, java.lang.Object, long, java.lang.Object)'> (0x000000008bd9ecd8) 
thrown [s\open\src\hotspot\share\interpreter\linkResolver.cpp, line 759]
Event: 1.350 Thread 0x00000249dac23cc0 Exception <a 'java/lang/NoSuchMethodError'{0x000000008bda2770}: 'java.lang.Object java.lang.invoke.DirectMethodHandle$Holder.invokeStaticInit(java.lang.Object, java.lang.Object, long, java.lang.Object)'> (0x000000008bda2770) 
thrown [s\open\src\hotspot\share\interpreter\linkResolver.cpp, line 759]
Event: 1.351 Thread 0x00000249dac23cc0 Exception <a 'java/lang/NoSuchMethodError'{0x000000008bda8ef0}: 'java.lang.Object java.lang.invoke.DirectMethodHandle$Holder.newInvokeSpecial(java.lang.Object, java.lang.Object, long)'> (0x000000008bda8ef0) 
thrown [s\open\src\hotspot\share\interpreter\linkResolver.cpp, line 759]
Event: 1.351 Thread 0x00000249dac23cc0 Exception <a 'java/lang/NoSuchMethodError'{0x000000008bdaca60}: 'java.lang.Object java.lang.invoke.Invokers$Holder.linkToTargetMethod(java.lang.Object, long, java.lang.Object)'> (0x000000008bdaca60) 
thrown [s\open\src\hotspot\share\interpreter\linkResolver.cpp, line 759]
Event: 1.380 Thread 0x00000249dac23cc0 Exception <a 'java/lang/NoSuchMethodError'{0x000000008bc22930}: 'void java.lang.invoke.DirectMethodHandle$Holder.invokeVirtual(java.lang.Object, java.lang.Object, java.lang.Object, java.lang.Object)'> (0x000000008bc22930) 
thrown [s\open\src\hotspot\share\interpreter\linkResolver.cpp, line 759]
Event: 1.476 Thread 0x00000249dac23cc0 Exception <a 'java/lang/NoSuchMethodError'{0x000000008ba10168}: 'void java.lang.invoke.DirectMethodHandle$Holder.invokeSpecial(java.lang.Object, java.lang.Object, java.lang.Object)'> (0x000000008ba10168) 
thrown [s\open\src\hotspot\share\interpreter\linkResolver.cpp, line 759]
Event: 1.487 Thread 0x00000249dac23cc0 Exception <a 'java/lang/IncompatibleClassChangeError'{0x000000008ba44428}: Found class java.lang.Object, but interface was expected> (0x000000008ba44428) 
thrown [s\open\src\hotspot\share\interpreter\linkResolver.cpp, line 826]
Event: 1.490 Thread 0x00000249fd97bd10 Exception <a 'java/lang/NoClassDefFoundError'{0x000000008ba965a8}: jakarta/validation/Validation> (0x000000008ba965a8) 
thrown [s\open\src\hotspot\share\classfile\systemDictionary.cpp, line 245]
Event: 2.019 Thread 0x00000249dac23cc0 Exception <a 'sun/nio/fs/WindowsException'{0x000000008a0b4860}> (0x000000008a0b4860) 
thrown [s\open\src\hotspot\share\prims\jni.cpp, line 516]
Event: 2.020 Thread 0x00000249dac23cc0 Exception <a 'java/lang/NoSuchMethodError'{0x000000008a0b60d0}: 'int java.lang.invoke.DirectMethodHandle$Holder.invokeSpecial(java.lang.Object, java.lang.Object, java.lang.Object, java.lang.Object, java.lang.Object)'> (0x000000008a0b60d0) 
thrown [s\open\src\hotspot\share\interpreter\linkResolver.cpp, line 759]
Event: 2.025 Thread 0x00000249dac23cc0 Exception <a 'java/lang/NoSuchMethodError'{0x000000008a0bee90}: 'void java.lang.invoke.DirectMethodHandle$Holder.invokeVirtual(java.lang.Object, java.lang.Object)'> (0x000000008a0bee90) 
thrown [s\open\src\hotspot\share\interpreter\linkResolver.cpp, line 759]
Event: 2.063 Thread 0x00000249fd97bd10 Exception <a 'java/lang/NoSuchMethodError'{0x000000008bd8dc50}: 'long java.lang.invoke.DirectMethodHandle$Holder.invokeSpecial(java.lang.Object, java.lang.Object)'> (0x000000008bd8dc50) 
thrown [s\open\src\hotspot\share\interpreter\linkResolver.cpp, line 759]
Event: 2.065 Thread 0x00000249fd97bd10 Exception <a 'java/lang/NoSuchMethodError'{0x000000008bd98878}: 'long java.lang.invoke.DirectMethodHandle$Holder.invokeStatic(java.lang.Object, java.lang.Object)'> (0x000000008bd98878) 
thrown [s\open\src\hotspot\share\interpreter\linkResolver.cpp, line 759]
Event: 2.066 Thread 0x00000249fd97bd10 Exception <a 'java/lang/NoSuchMethodError'{0x000000008bd9bbd0}: 'long java.lang.invoke.DirectMethodHandle$Holder.invokeStaticInit(java.lang.Object, java.lang.Object)'> (0x000000008bd9bbd0) 
thrown [s\open\src\hotspot\share\interpreter\linkResolver.cpp, line 759]
Event: 2.068 Thread 0x00000249fd97bd10 Exception <a 'java/lang/NoSuchMethodError'{0x000000008bda94d0}: 'long java.lang.invoke.DirectMethodHandle$Holder.invokeInterface(java.lang.Object, java.lang.Object)'> (0x000000008bda94d0) 
thrown [s\open\src\hotspot\share\interpreter\linkResolver.cpp, line 759]
Event: 2.071 Thread 0x00000249fd97bd10 Exception <a 'java/lang/IncompatibleClassChangeError'{0x000000008bdac7b8}: Found class java.lang.Object, but interface was expected> (0x000000008bdac7b8) 
thrown [s\open\src\hotspot\share\interpreter\linkResolver.cpp, line 826]
Event: 2.078 Thread 0x00000249fd97bd10 Exception <a 'java/lang/NoSuchMethodError'{0x000000008bdc43c0}: 'java.lang.Object java.lang.invoke.DirectMethodHandle$Holder.invokeVirtual(java.lang.Object, java.lang.Object, java.lang.Object, java.lang.Object)'> (0x000000008bdc43c0) 
thrown [s\open\src\hotspot\share\interpreter\linkResolver.cpp, line 759]
Event: 3.582 Thread 0x00000249dac23cc0 Exception <a 'java/lang/IncompatibleClassChangeError'{0x000000008b4b3490}: Found class java.lang.Object, but interface was expected> (0x000000008b4b3490) 
thrown [s\open\src\hotspot\share\interpreter\linkResolver.cpp, line 826]

VM Operations (20 events):
Event: 1.670 Executing VM operation: HandshakeAllThreads done
Event: 1.907 Executing VM operation: HandshakeAllThreads
Event: 1.907 Executing VM operation: HandshakeAllThreads done
Event: 1.986 Executing VM operation: HandshakeAllThreads
Event: 1.987 Executing VM operation: HandshakeAllThreads done
Event: 2.001 Executing VM operation: ICBufferFull
Event: 2.001 Executing VM operation: ICBufferFull done
Event: 2.051 Executing VM operation: G1CollectForAllocation
Event: 2.059 Executing VM operation: G1CollectForAllocation done
Event: 3.064 Executing VM operation: Cleanup
Event: 3.159 Executing VM operation: Cleanup done
Event: 3.177 Executing VM operation: HandshakeAllThreads
Event: 3.178 Executing VM operation: HandshakeAllThreads done
Event: 3.210 Executing VM operation: HandshakeAllThreads
Event: 3.210 Executing VM operation: HandshakeAllThreads done
Event: 3.949 Executing VM operation: ICBufferFull
Event: 3.949 Executing VM operation: ICBufferFull done
Event: 4.705 Executing VM operation: ICBufferFull
Event: 4.705 Executing VM operation: ICBufferFull done
Event: 5.708 Executing VM operation: Cleanup

Events (20 events):
Event: 3.222 loading class com/sun/crypto/provider/SunJCE
Event: 3.223 loading class com/sun/crypto/provider/SunJCE done
Event: 3.234 Loaded shared library C:\Program Files\Java\jdk-17\bin\sunmscapi.dll
Event: 3.240 loading class com/sun/security/sasl/Provider
Event: 3.240 loading class com/sun/security/sasl/Provider done
Event: 3.240 loading class com/sun/security/sasl/Provider$1
Event: 3.240 loading class com/sun/security/sasl/Provider$1 done
Event: 3.240 loading class com/sun/security/sasl/Provider$ProviderService
Event: 3.240 loading class com/sun/security/sasl/Provider$ProviderService done
Event: 3.240 loading class sun/security/provider/certpath/ldap/JdkLDAP
Event: 3.240 loading class sun/security/provider/certpath/ldap/JdkLDAP done
Event: 3.241 loading class sun/security/provider/certpath/ldap/JdkLDAP$ProviderService
Event: 3.241 loading class sun/security/provider/certpath/ldap/JdkLDAP$ProviderService done
Event: 3.244 Thread 0x00000249fd97bd10 Thread exited: 0x00000249fd97bd10
Event: 3.425 Thread 0x00000249fd97bd10 Thread added: 0x00000249fd97bd10
Event: 3.531 loading class javax/naming/ldap/LdapContext
Event: 3.531 loading class javax/naming/directory/DirContext
Event: 3.531 loading class javax/naming/directory/DirContext done
Event: 3.531 loading class javax/naming/ldap/LdapContext done
Event: 3.541 Thread 0x00000249fd97bd10 Thread exited: 0x00000249fd97bd10


Dynamic libraries:
0x00007ff628e50000 - 0x00007ff628e60000 	C:\Program Files\Java\jdk-17\bin\java.exe
0x00007ff8484a0000 - 0x00007ff848700000 	C:\WINDOWS\SYSTEM32\ntdll.dll
0x00007ff847c60000 - 0x00007ff847d27000 	C:\WINDOWS\System32\KERNEL32.DLL
0x00007ff845800000 - 0x00007ff845bcb000 	C:\WINDOWS\System32\KERNELBASE.dll
0x00007ff845bd0000 - 0x00007ff845d1b000 	C:\WINDOWS\System32\ucrtbase.dll
0x00007ff821d90000 - 0x00007ff821da9000 	C:\Program Files\Java\jdk-17\bin\jli.dll
0x00007ff821d70000 - 0x00007ff821d8b000 	C:\Program Files\Java\jdk-17\bin\VCRUNTIME140.dll
0x00007ff847fc0000 - 0x00007ff848073000 	C:\WINDOWS\System32\ADVAPI32.dll
0x00007ff848250000 - 0x00007ff8482f9000 	C:\WINDOWS\System32\msvcrt.dll
0x00007ff8481a0000 - 0x00007ff848246000 	C:\WINDOWS\System32\sechost.dll
0x00007ff846850000 - 0x00007ff846966000 	C:\WINDOWS\System32\RPCRT4.dll
0x00007ff847110000 - 0x00007ff8472dc000 	C:\WINDOWS\System32\USER32.dll
0x00007ff8457d0000 - 0x00007ff8457f7000 	C:\WINDOWS\System32\win32u.dll
0x00007ff846640000 - 0x00007ff84666a000 	C:\WINDOWS\System32\GDI32.dll
0x00007ff846160000 - 0x00007ff846291000 	C:\WINDOWS\System32\gdi32full.dll
0x00007ff845d20000 - 0x00007ff845dc3000 	C:\WINDOWS\System32\msvcp_win.dll
0x00007ff82fb30000 - 0x00007ff82fdc7000 	C:\WINDOWS\WinSxS\amd64_microsoft.windows.common-controls_6595b64144ccf1df_6.0.26100.3624_none_3e086962e3345f24\COMCTL32.dll
0x00007ff835e40000 - 0x00007ff835e4b000 	C:\WINDOWS\SYSTEM32\VERSION.dll
0x00007ff846670000 - 0x00007ff84669f000 	C:\WINDOWS\System32\IMM32.DLL
0x00007ff824ba0000 - 0x00007ff824bac000 	C:\Program Files\Java\jdk-17\bin\vcruntime140_1.dll
0x00007ff820a50000 - 0x00007ff820ade000 	C:\Program Files\Java\jdk-17\bin\msvcp140.dll
0x00007fffc49f0000 - 0x00007fffc55d0000 	C:\Program Files\Java\jdk-17\bin\server\jvm.dll
0x00007ff847590000 - 0x00007ff847598000 	C:\WINDOWS\System32\PSAPI.DLL
0x00007ff8220b0000 - 0x00007ff8220ba000 	C:\WINDOWS\SYSTEM32\WSOCK32.dll
0x00007ff8466d0000 - 0x00007ff846744000 	C:\WINDOWS\System32\WS2_32.dll
0x00007ff83cee0000 - 0x00007ff83cf16000 	C:\WINDOWS\SYSTEM32\WINMM.dll
0x00007ff844490000 - 0x00007ff8444aa000 	C:\WINDOWS\SYSTEM32\kernel.appcore.dll
0x00007ff822aa0000 - 0x00007ff822aaa000 	C:\Program Files\Java\jdk-17\bin\jimage.dll
0x00007ff842d40000 - 0x00007ff842f81000 	C:\WINDOWS\SYSTEM32\DBGHELP.DLL
0x00007ff8462a0000 - 0x00007ff846623000 	C:\WINDOWS\System32\combase.dll
0x00007ff848300000 - 0x00007ff8483d6000 	C:\WINDOWS\System32\OLEAUT32.dll
0x00007ff829230000 - 0x00007ff829269000 	C:\WINDOWS\SYSTEM32\dbgcore.DLL
0x00007ff845dd0000 - 0x00007ff845e69000 	C:\WINDOWS\System32\bcryptPrimitives.dll
0x00007ff821d40000 - 0x00007ff821d65000 	C:\Program Files\Java\jdk-17\bin\java.dll
0x00007fffed710000 - 0x00007fffed7e7000 	C:\Program Files\Java\jdk-17\bin\jsvml.dll
0x00007ff846970000 - 0x00007ff847099000 	C:\WINDOWS\System32\SHELL32.dll
0x00007ff845e70000 - 0x00007ff845fd8000 	C:\WINDOWS\System32\wintypes.dll
0x00007ff843300000 - 0x00007ff843b52000 	C:\WINDOWS\SYSTEM32\windows.storage.dll
0x00007ff8472e0000 - 0x00007ff8473cd000 	C:\WINDOWS\System32\SHCORE.dll
0x00007ff8470a0000 - 0x00007ff847104000 	C:\WINDOWS\System32\shlwapi.dll
0x00007ff845590000 - 0x00007ff8455bf000 	C:\WINDOWS\SYSTEM32\profapi.dll
0x00007ff825b90000 - 0x00007ff825ba9000 	C:\Program Files\Java\jdk-17\bin\net.dll
0x00007ff8372f0000 - 0x00007ff83740d000 	C:\WINDOWS\SYSTEM32\WINHTTP.dll
0x00007ff8449b0000 - 0x00007ff844a1a000 	C:\WINDOWS\system32\mswsock.dll
0x00007ff821d20000 - 0x00007ff821d36000 	C:\Program Files\Java\jdk-17\bin\nio.dll
0x00007ff821d00000 - 0x00007ff821d18000 	C:\Program Files\Java\jdk-17\bin\zip.dll
0x00007ff8228a0000 - 0x00007ff8228ae000 	C:\Program Files\Java\jdk-17\bin\sunmscapi.dll
0x00007ff845fe0000 - 0x00007ff846157000 	C:\WINDOWS\System32\CRYPT32.dll
0x00007ff844e50000 - 0x00007ff844e80000 	C:\WINDOWS\SYSTEM32\ncrypt.dll
0x00007ff844e00000 - 0x00007ff844e3f000 	C:\WINDOWS\SYSTEM32\NTASN1.dll

dbghelp: loaded successfully - version: 4.0.5 - missing functions: none
symbol engine: initialized successfully - sym options: 0x614 - pdb path: .;C:\Program Files\Java\jdk-17\bin;C:\WINDOWS\SYSTEM32;C:\WINDOWS\WinSxS\amd64_microsoft.windows.common-controls_6595b64144ccf1df_6.0.26100.3624_none_3e086962e3345f24;C:\Program Files\Java\jdk-17\bin\server

VM Arguments:
jvm_args: -XX:+ShowCodeDetailsInExceptionMessages 
java_command: com.finalProject.backend.BackendApplication
java_class_path (initial): F:\cricket management\backend\target\classes;C:\Users\Lenovo\.m2\repository\org\springframework\boot\spring-boot-starter-security\3.3.10\spring-boot-starter-security-3.3.10.jar;C:\Users\Lenovo\.m2\repository\org\springframework\boot\spring-boot-starter\3.3.10\spring-boot-starter-3.3.10.jar;C:\Users\Lenovo\.m2\repository\org\springframework\boot\spring-boot\3.3.10\spring-boot-3.3.10.jar;C:\Users\Lenovo\.m2\repository\org\springframework\boot\spring-boot-autoconfigure\3.3.10\spring-boot-autoconfigure-3.3.10.jar;C:\Users\Lenovo\.m2\repository\org\springframework\boot\spring-boot-starter-logging\3.3.10\spring-boot-starter-logging-3.3.10.jar;C:\Users\Lenovo\.m2\repository\ch\qos\logback\logback-classic\1.5.18\logback-classic-1.5.18.jar;C:\Users\Lenovo\.m2\repository\ch\qos\logback\logback-core\1.5.18\logback-core-1.5.18.jar;C:\Users\Lenovo\.m2\repository\org\apache\logging\log4j\log4j-to-slf4j\2.23.1\log4j-to-slf4j-2.23.1.jar;C:\Users\Lenovo\.m2\repository\org\apache\logging\log4j\log4j-api\2.23.1\log4j-api-2.23.1.jar;C:\Users\Lenovo\.m2\repository\org\slf4j\jul-to-slf4j\2.0.17\jul-to-slf4j-2.0.17.jar;C:\Users\Lenovo\.m2\repository\jakarta\annotation\jakarta.annotation-api\2.1.1\jakarta.annotation-api-2.1.1.jar;C:\Users\Lenovo\.m2\repository\org\yaml\snakeyaml\2.2\snakeyaml-2.2.jar;C:\Users\Lenovo\.m2\repository\org\springframework\spring-aop\6.1.18\spring-aop-6.1.18.jar;C:\Users\Lenovo\.m2\repository\org\springframework\spring-beans\6.1.18\spring-beans-6.1.18.jar;C:\Users\Lenovo\.m2\repository\org\springframework\security\spring-security-config\6.3.8\spring-security-config-6.3.8.jar;C:\Users\Lenovo\.m2\repository\org\springframework\security\spring-security-core\6.3.8\spring-security-core-6.3.8.jar;C:\Users\Lenovo\.m2\repository\org\springframework\security\spring-security-crypto\6.3.8\spring-security-crypto-6.3.8.jar;C:\Users\Lenovo\.m2\repository\org\springframework\spring-context\6.1.18\spring-context-6.1.18.jar;C:\Users\Lenovo\.m2\reposi
Launcher Type: SUN_STANDARD

[Global flags]
     intx CICompilerCount                          = 4                                         {product} {ergonomic}
     uint ConcGCThreads                            = 2                                         {product} {ergonomic}
     uint G1ConcRefinementThreads                  = 8                                         {product} {ergonomic}
   size_t G1HeapRegionSize                         = 1048576                                   {product} {ergonomic}
    uintx GCDrainStackTargetSize                   = 64                                        {product} {ergonomic}
   size_t InitialHeapSize                          = 130023424                                 {product} {ergonomic}
   size_t MarkStackSize                            = 4194304                                   {product} {ergonomic}
   size_t MaxHeapSize                              = 2078277632                                {product} {ergonomic}
   size_t MaxNewSize                               = 1246756864                                {product} {ergonomic}
   size_t MinHeapDeltaBytes                        = 1048576                                   {product} {ergonomic}
   size_t MinHeapSize                              = 8388608                                   {product} {ergonomic}
    uintx NonNMethodCodeHeapSize                   = 5839372                                {pd product} {ergonomic}
    uintx NonProfiledCodeHeapSize                  = 122909434                              {pd product} {ergonomic}
    uintx ProfiledCodeHeapSize                     = 122909434                              {pd product} {ergonomic}
    uintx ReservedCodeCacheSize                    = 251658240                              {pd product} {ergonomic}
     bool SegmentedCodeCache                       = true                                      {product} {ergonomic}
     bool ShowCodeDetailsInExceptionMessages       = true                                   {manageable} {command line}
   size_t SoftMaxHeapSize                          = 2078277632                             {manageable} {ergonomic}
     bool UseCompressedClassPointers               = true                           {product lp64_product} {ergonomic}
     bool UseCompressedOops                        = true                           {product lp64_product} {ergonomic}
     bool UseG1GC                                  = true                                      {product} {ergonomic}
     bool UseLargePagesIndividualAllocation        = false                                  {pd product} {ergonomic}

Logging:
Log output configuration:
 #0: stdout all=warning uptime,level,tags
 #1: stderr all=off uptime,level,tags

Environment Variables:
JAVA_HOME=C:\Program Files\Java\jdk-17
CLASSPATH=C:\Program Files\Apache Software Foundation\Tomcat 10.1\lib\jakarta.servlet-api-6.0.0.jar
PATH=C:\Program Files\Java\jdk-17\bin;C:\Program Files\Java\jdk-11\bin;C:\Program Files\Common Files\Oracle\Java\javapath;C:\Program Files (x86)\Common Files\Oracle\Java\java8path;C:\Program Files (x86)\Common Files\Oracle\Java\javapath;C:\WINDOWS\system32;C:\WINDOWS;C:\WINDOWS\System32\Wbem;C:\WINDOWS\System32\WindowsPowerShell\v1.0\;C:\WINDOWS\System32\OpenSSH\;C:\MinGW\bin;C:\Users\Lenovo\AppData\Local\Programs\Python\Python312\Scripts\;C:\xampp\php;C:\composer;C:\Program Files\Git\cmd;C:\Program Files\Microsoft SQL Server\Client SDK\ODBC\170\Tools\Binn\;C:\Program Files\php-8.4.5;C:\Program Files\MySQL\MySQL Server 8.0\bin;C:\Program Files\Maven\apache-maven-3.9.7\bin;C:\src\flutter\bin;C:\Program Files (x86)\Windows Kits\10\Windows Performance Toolkit\;C:\Program Files (x86)\Google\Cloud SDK\google-cloud-sdk\bin;C:\Users\Lenovo\AppData\Local\Programs\Python\Python310\Scripts\;C:\Users\Lenovo\AppData\Local\Programs\Python\Python310\;C:\Program Files\MySQL\MySQL Shell 8.0\bin\;C:\Users\Lenovo\AppData\Local\Programs\Python\Python312\Scripts\;C:\Users\Lenovo\AppData\Local\Programs\Python\Python312\;C:\Users\Lenovo\AppData\Local\Programs\Python\Launcher\;C:\Program Files\JetBrains\IntelliJ IDEA Community Edition 2024.3.1.1\bin;;C:\Users\Lenovo\AppData\Local\Microsoft\WindowsApps;C:\Users\Lenovo\Downloads\C:\Users\Lenovo\Downloads\jdk-11.0.21_windows-x64_bin\jdk-21\bin;C:\Users\Lenovo\AppData\Local\Programs\Microsoft VS Code\bin;C:\Users\Lenovo\AppData\Roaming\Composer\vendor\bin;C:\MinGW\bin;;C:\Program Files\JetBrains\IntelliJ IDEA 2024.3.1.1\bin;;C:\Users\Lenovo\AppData\Local\Programs\mongosh\
USERNAME=Lenovo
LANG=en_US.UTF-8
OS=Windows_NT
PROCESSOR_IDENTIFIER=Intel64 Family 6 Model 140 Stepping 1, GenuineIntel



---------------  S Y S T E M  ---------------

OS:
 Windows 11 , 64 bit Build 26100 (10.0.26100.3624)
OS uptime: 3 days 23:18 hours
Hyper-V role detected

CPU: total 8 (initial active 8) (4 cores per cpu, 2 threads per core) family 6 model 140 stepping 1 microcode 0xba, cx8, cmov, fxsr, ht, mmx, 3dnowpref, sse, sse2, sse3, ssse3, sse4.1, sse4.2, popcnt, lzcnt, tsc, tscinvbit, avx, avx2, aes, erms, clmul, bmi1, bmi2, adx, avx512f, avx512dq, avx512cd, avx512bw, avx512vl, sha, fma, vzeroupper, avx512_vpopcntdq, avx512_vpclmulqdq, avx512_vaes, avx512_vnni, clflush, clflushopt, clwb, avx512_vbmi2, avx512_vbmi, hv

Memory: 4k page, system-wide physical 7926M (524M free)
TotalPageFile size 32502M (AvailPageFile size 8M)
current process WorkingSet (physical memory assigned to process): 136M, peak: 138M
current process commit charge ("private bytes"): 262M, peak: 267M

vm_info: Java HotSpot(TM) 64-Bit Server VM (17.0.12+8-LTS-286) for windows-amd64 JRE (17.0.12+8-LTS-286), built on Jun  5 2024 06:46:59 by "mach5one" with MS VC++ 17.6 (VS2022)

END.
